3.986649544992827
3.8325119608853395
0.08972205508271522
0.07760780508225179
6.060740733531591
4.011626797391758
3.246873043591575
5.000464840884502
1.6683770327890834
1.1372059707434707
0.6585651627073138
0.9261574833745178
4.6340481216232225
3.890756238316693
1.4194734101993813
2.1123403339831315
2.8750510827214804
2.9943213427715576
4.84845722626475
5.7795409476327215
3.7871057830705293
3.6651952919873474
6.194771675572674
6.664212955289107
0.7870879840232897
1.1265742225632127
0.09560694768269644
0.08244898631857073
4.171739417994932
3.554334354431532
0.43857699678621287
0.26362508476443475
5.393009782085533
2.4298017204918367
7.263053375757735
6.86571208250899
1.9988522843548215
1.4407656651711405
4.29187594941627
2.8007958284329093
3.4562062965295977
2.213595464830396
4.122332652278951
3.0051035072199546
